<?xml version="1.0" encoding="UTF-8"?>
<!-- Generated by org.testng.reporters.JUnitReportReporter -->
<testsuite hostname="DESKTOP-9SGE8AP" failures="0" tests="2" name="com.gui.automation.test.TextAreaTest" time="8.063" errors="0" timestamp="06 Jul 2021 05:41:15 GMT" skipped="0">
  <testcase classname="com.gui.automation.test.TextAreaTest" name="javaScriptExecutorTest" time="6.081"/>
  <testcase classname="com.gui.automation.test.TextAreaTest" name="textArearTest" time="1.982"/>
</testsuite> <!-- com.gui.automation.test.TextAreaTest -->
