<?xml version="1.0" encoding="UTF-8"?>
<!-- Generated by org.testng.reporters.JUnitReportReporter -->
<testsuite hostname="DESKTOP-9SGE8AP" failures="0" tests="1" name="com.gui.automation.test.ExplicitWaitElementTest" time="5.261" errors="0" timestamp="04 Jul 2021 15:03:11 GMT" skipped="0">
  <testcase classname="com.gui.automation.test.ExplicitWaitElementTest" name="checkElementVisibility" time="5.261"/>
</testsuite> <!-- com.gui.automation.test.ExplicitWaitElementTest -->
