<?xml version="1.0" encoding="UTF-8"?>
<!-- Generated by org.testng.reporters.JUnitReportReporter -->
<testsuite hostname="DESKTOP-9SGE8AP" failures="0" tests="5" name="com.gui.automation.dataprovider.test.DataProviderLoginTest" time="5.902" errors="0" timestamp="04 Jul 2021 15:03:11 GMT" skipped="0">
  <testcase classname="com.gui.automation.dataprovider.test.DataProviderLoginTest" name="successfulLoginDataProvider" time="3.503"/>
  <testcase classname="com.gui.automation.dataprovider.test.DataProviderLoginTest" name="successfulLoginDataProvider" time="0.665"/>
  <testcase classname="com.gui.automation.dataprovider.test.DataProviderLoginTest" name="successfulLoginDataProvider" time="0.485"/>
  <testcase classname="com.gui.automation.dataprovider.test.DataProviderLoginTest" name="successfulLoginDataProvider" time="0.637"/>
  <testcase classname="com.gui.automation.dataprovider.test.DataProviderLoginTest" name="successfulLoginDataProvider" time="0.612"/>
</testsuite> <!-- com.gui.automation.dataprovider.test.DataProviderLoginTest -->
