<?xml version="1.0" encoding="UTF-8"?>
<!-- Generated by org.testng.reporters.JUnitReportReporter -->
<testsuite hostname="DESKTOP-9SGE8AP" failures="0" tests="1" name="com.gui.automation.test.AlertPopUpTest" time="11.533" errors="0" timestamp="06 Jul 2021 05:41:15 GMT" skipped="0">
  <testcase classname="com.gui.automation.test.AlertPopUpTest" name="alertBoxTest" time="11.533"/>
</testsuite> <!-- com.gui.automation.test.AlertPopUpTest -->
