<?xml version="1.0" encoding="UTF-8"?>
<!-- Generated by org.testng.reporters.JUnitReportReporter -->
<testsuite hostname="DESKTOP-9SGE8AP" failures="0" tests="2" name="com.gui.automation.test.TextAreaTest" time="16.703" errors="0" timestamp="04 Jul 2021 15:03:11 GMT" skipped="0">
  <testcase classname="com.gui.automation.test.TextAreaTest" name="textArearTest" time="10.235"/>
  <testcase classname="com.gui.automation.test.TextAreaTest" name="javaScriptExecutorTest" time="6.468"/>
</testsuite> <!-- com.gui.automation.test.TextAreaTest -->
