<?xml version="1.0" encoding="UTF-8"?>
<!-- Generated by org.testng.reporters.JUnitReportReporter -->
<testsuite hostname="DESKTOP-9SGE8AP" failures="0" tests="5" name="com.gui.automation.dataprovider.test.DataProviderLoginTest" time="3.375" errors="0" timestamp="06 Jul 2021 05:41:15 GMT" skipped="0">
  <testcase classname="com.gui.automation.dataprovider.test.DataProviderLoginTest" name="successfulLoginDataProvider" time="1.531"/>
  <testcase classname="com.gui.automation.dataprovider.test.DataProviderLoginTest" name="successfulLoginDataProvider" time="0.469"/>
  <testcase classname="com.gui.automation.dataprovider.test.DataProviderLoginTest" name="successfulLoginDataProvider" time="0.376"/>
  <testcase classname="com.gui.automation.dataprovider.test.DataProviderLoginTest" name="successfulLoginDataProvider" time="0.604"/>
  <testcase classname="com.gui.automation.dataprovider.test.DataProviderLoginTest" name="successfulLoginDataProvider" time="0.395"/>
</testsuite> <!-- com.gui.automation.dataprovider.test.DataProviderLoginTest -->
