<?xml version="1.0" encoding="UTF-8"?>
<!-- Generated by org.testng.reporters.JUnitReportReporter -->
<testsuite hostname="DESKTOP-9SGE8AP" failures="0" tests="6" name="com.gui.automation.csvreader.readCSVTest" time="92.325" errors="0" timestamp="04 Jul 2021 15:03:10 GMT" skipped="0">
  <testcase classname="com.gui.automation.csvreader.readCSVTest" name="logindataFromCSV" time="6.985"/>
  <testcase classname="com.gui.automation.csvreader.readCSVTest" name="logindataFromCSV" time="16.332"/>
  <testcase classname="com.gui.automation.csvreader.readCSVTest" name="logindataFromCSV" time="55.502"/>
  <testcase classname="com.gui.automation.csvreader.readCSVTest" name="logindataFromCSV" time="5.944"/>
  <testcase classname="com.gui.automation.csvreader.readCSVTest" name="readDataFromCSV" time="0.065"/>
  <testcase classname="com.gui.automation.csvreader.readCSVTest" name="logindataFromCSV" time="7.497"/>
</testsuite> <!-- com.gui.automation.csvreader.readCSVTest -->
