<?xml version="1.0" encoding="UTF-8"?>
<!-- Generated by org.testng.reporters.JUnitReportReporter -->
<testsuite hostname="DESKTOP-9SGE8AP" failures="0" tests="1" name="com.gui.automation.test.AlertPopUpTest" time="26.988" errors="0" timestamp="04 Jul 2021 20:18:30 GMT" skipped="0">
  <testcase classname="com.gui.automation.test.AlertPopUpTest" name="alertBoxTest" time="26.988"/>
</testsuite> <!-- com.gui.automation.test.AlertPopUpTest -->
