<?xml version="1.0" encoding="UTF-8"?>
<!-- Generated by org.testng.reporters.JUnitReportReporter -->
<testsuite hostname="DESKTOP-9SGE8AP" failures="0" tests="1" name="com.gui.automation.test.AlertPopUpTest" time="31.835" errors="0" timestamp="06 Jul 2021 10:50:07 GMT" skipped="0">
  <testcase classname="com.gui.automation.test.AlertPopUpTest" name="alertBoxTest" time="31.835"/>
</testsuite> <!-- com.gui.automation.test.AlertPopUpTest -->
