<?xml version="1.0" encoding="UTF-8"?>
<!-- Generated by org.testng.reporters.JUnitReportReporter -->
<testsuite hostname="DESKTOP-9SGE8AP" failures="0" tests="6" name="com.gui.automation.csvreader.readCSVTest" time="297.590" errors="0" timestamp="06 Jul 2021 10:00:30 GMT" skipped="0">
  <testcase classname="com.gui.automation.csvreader.readCSVTest" name="logindataFromCSV" time="38.821"/>
  <testcase classname="com.gui.automation.csvreader.readCSVTest" name="logindataFromCSV" time="22.082"/>
  <testcase classname="com.gui.automation.csvreader.readCSVTest" name="logindataFromCSV" time="173.067"/>
  <testcase classname="com.gui.automation.csvreader.readCSVTest" name="readDataFromCSV" time="0.001"/>
  <testcase classname="com.gui.automation.csvreader.readCSVTest" name="logindataFromCSV" time="25.018"/>
  <testcase classname="com.gui.automation.csvreader.readCSVTest" name="logindataFromCSV" time="38.601"/>
</testsuite> <!-- com.gui.automation.csvreader.readCSVTest -->
