<?xml version="1.0" encoding="UTF-8"?>
<!-- Generated by org.testng.reporters.JUnitReportReporter -->
<testsuite hostname="DESKTOP-9SGE8AP" failures="0" tests="1" name="com.gui.automation.testng.multiplebrowser.MultipleBrowserTest" time="28.187" errors="0" timestamp="04 Jul 2021 14:13:24 GMT" skipped="0">
  <testcase classname="com.gui.automation.testng.multiplebrowser.MultipleBrowserTest" name="runInBrowser" time="28.187"/>
</testsuite> <!-- com.gui.automation.testng.multiplebrowser.MultipleBrowserTest -->
