<?xml version="1.0" encoding="UTF-8"?>
<!-- Generated by org.testng.reporters.JUnitReportReporter -->
<testsuite hostname="DESKTOP-9SGE8AP" failures="0" tests="5" name="com.gui.automation.dataprovider.test.DataProviderLoginTest" time="8.866" errors="0" timestamp="04 Jul 2021 15:12:21 GMT" skipped="0">
  <testcase classname="com.gui.automation.dataprovider.test.DataProviderLoginTest" name="successfulLoginDataProvider" time="0.547"/>
  <testcase classname="com.gui.automation.dataprovider.test.DataProviderLoginTest" name="successfulLoginDataProvider" time="0.658"/>
  <testcase classname="com.gui.automation.dataprovider.test.DataProviderLoginTest" name="successfulLoginDataProvider" time="0.705"/>
  <testcase classname="com.gui.automation.dataprovider.test.DataProviderLoginTest" name="successfulLoginDataProvider" time="0.539"/>
  <testcase classname="com.gui.automation.dataprovider.test.DataProviderLoginTest" name="successfulLoginDataProvider" time="6.417"/>
</testsuite> <!-- com.gui.automation.dataprovider.test.DataProviderLoginTest -->
